<?xml version="1.0" encoding="UTF-8"?>
<testng-results ignored="0" total="2" passed="2" failed="0" skipped="0">
  <reporter-output>
  </reporter-output>
  <suite started-at="2021-05-29T14:53:30 ICT" name="Default suite" finished-at="2021-05-29T14:54:23 ICT" duration-ms="53747">
    <groups>
    </groups>
    <test started-at="2021-05-29T14:53:30 ICT" name="Default test" finished-at="2021-05-29T14:54:23 ICT" duration-ms="53747">
      <class name="Sign_in.LogOut">
        <test-method is-config="true" signature="beforeClass()[pri:0, instance:Sign_in.LogOut@696da30b]" started-at="2021-05-29T14:53:30 ICT" name="beforeClass" finished-at="2021-05-29T14:53:41 ICT" duration-ms="11207" status="PASS">
          <reporter-output>
          </reporter-output>
        </test-method> <!-- beforeClass -->
        <test-method signature="Login_Account()[pri:1, instance:Sign_in.LogOut@696da30b]" started-at="2021-05-29T14:53:41 ICT" name="Login_Account" description="Login with account valid" finished-at="2021-05-29T14:54:20 ICT" duration-ms="39216" status="PASS">
          <reporter-output>
          </reporter-output>
        </test-method> <!-- Login_Account -->
        <test-method signature="LogOut_Account()[pri:2, instance:Sign_in.LogOut@696da30b]" started-at="2021-05-29T14:54:20 ICT" name="LogOut_Account" description="LogOut account" finished-at="2021-05-29T14:54:23 ICT" duration-ms="3282" status="PASS">
          <reporter-output>
          </reporter-output>
        </test-method> <!-- LogOut_Account -->
        <test-method is-config="true" signature="afterClass()[pri:0, instance:Sign_in.LogOut@696da30b]" started-at="2021-05-29T14:54:23 ICT" name="afterClass" finished-at="2021-05-29T14:54:23 ICT" duration-ms="0" status="PASS">
          <reporter-output>
          </reporter-output>
        </test-method> <!-- afterClass -->
      </class> <!-- Sign_in.LogOut -->
    </test> <!-- Default test -->
  </suite> <!-- Default suite -->
</testng-results>
